This file contains any messages produced by compilers while
running configure, to aid debugging if configure makes a mistake.

It was created by klish configure 1.5.4, which was
generated by GNU Autoconf 2.68.  Invocation command line was

  $ ./configure --enable-shared=yes --enable-static=no

## --------- ##
## Platform. ##
## --------- ##

hostname = anderson-Aspire-4336
uname -m = i686
uname -r = 3.2.0-29-generic-pae
uname -s = Linux
uname -v = #46-Ubuntu SMP Fri Jul 27 17:25:43 UTC 2012

/usr/bin/uname -p = unknown
/bin/uname -X     = unknown

/bin/arch              = unknown
/usr/bin/arch -k       = unknown
/usr/convex/getsysinfo = unknown
/usr/bin/hostinfo      = unknown
/bin/machine           = unknown
/usr/bin/oslevel       = unknown
/bin/universe          = unknown

PATH: /usr/lib/lightdm/lightdm
PATH: /usr/local/sbin
PATH: /usr/local/bin
PATH: /usr/sbin
PATH: /usr/bin
PATH: /sbin
PATH: /bin
PATH: /usr/games


## ----------- ##
## Core tests. ##
## ----------- ##

configure:2583: checking for gcc
configure:2599: found /usr/bin/gcc
configure:2610: result: gcc
configure:2839: checking for C compiler version
configure:2848: gcc --version >&5
gcc (Ubuntu/Linaro 4.6.3-1ubuntu5) 4.6.3
Copyright (C) 2011 Free Software Foundation, Inc.
This is free software; see the source for copying conditions.  There is NO
warranty; not even for MERCHANTABILITY or FITNESS FOR A PARTICULAR PURPOSE.

configure:2859: $? = 0
configure:2848: gcc -v >&5
Using built-in specs.
COLLECT_GCC=gcc
COLLECT_LTO_WRAPPER=/usr/lib/gcc/i686-linux-gnu/4.6/lto-wrapper
Target: i686-linux-gnu
Configured with: ../src/configure -v --with-pkgversion='Ubuntu/Linaro 4.6.3-1ubuntu5' --with-bugurl=file:///usr/share/doc/gcc-4.6/README.Bugs --enable-languages=c,c++,fortran,objc,obj-c++ --prefix=/usr --program-suffix=-4.6 --enable-shared --enable-linker-build-id --with-system-zlib --libexecdir=/usr/lib --without-included-gettext --enable-threads=posix --with-gxx-include-dir=/usr/include/c++/4.6 --libdir=/usr/lib --enable-nls --with-sysroot=/ --enable-clocale=gnu --enable-libstdcxx-debug --enable-libstdcxx-time=yes --enable-gnu-unique-object --enable-plugin --enable-objc-gc --enable-targets=all --disable-werror --with-arch-32=i686 --with-tune=generic --enable-checking=release --build=i686-linux-gnu --host=i686-linux-gnu --target=i686-linux-gnu
Thread model: posix
gcc version 4.6.3 (Ubuntu/Linaro 4.6.3-1ubuntu5) 
configure:2859: $? = 0
configure:2848: gcc -V >&5
gcc: error: unrecognized option '-V'
gcc: fatal error: no input files
compilation terminated.
configure:2859: $? = 4
configure:2848: gcc -qversion >&5
gcc: error: unrecognized option '-qversion'
gcc: fatal error: no input files
compilation terminated.
configure:2859: $? = 4
configure:2879: checking whether the C compiler works
configure:2901: gcc    conftest.c  >&5
configure:2905: $? = 0
configure:2953: result: yes
configure:2956: checking for C compiler default output file name
configure:2958: result: a.out
configure:2964: checking for suffix of executables
configure:2971: gcc -o conftest    conftest.c  >&5
configure:2975: $? = 0
configure:2997: result: 
configure:3019: checking whether we are cross compiling
configure:3027: gcc -o conftest    conftest.c  >&5
configure:3031: $? = 0
configure:3038: ./conftest
configure:3042: $? = 0
configure:3057: result: no
configure:3062: checking for suffix of object files
configure:3084: gcc -c   conftest.c >&5
configure:3088: $? = 0
configure:3109: result: o
configure:3113: checking whether we are using the GNU C compiler
configure:3132: gcc -c   conftest.c >&5
configure:3132: $? = 0
configure:3141: result: yes
configure:3150: checking whether gcc accepts -g
configure:3170: gcc -c -g  conftest.c >&5
configure:3170: $? = 0
configure:3211: result: yes
configure:3228: checking for gcc option to accept ISO C89
configure:3292: gcc  -c -g -O2  conftest.c >&5
configure:3292: $? = 0
configure:3305: result: none needed
configure:3331: checking how to run the C preprocessor
configure:3362: gcc -E  conftest.c
configure:3362: $? = 0
configure:3376: gcc -E  conftest.c
conftest.c:9:28: fatal error: ac_nonexistent.h: No such file or directory
compilation terminated.
configure:3376: $? = 1
configure: failed program was:
| /* confdefs.h */
| #define PACKAGE_NAME "klish"
| #define PACKAGE_TARNAME "klish"
| #define PACKAGE_VERSION "1.5.4"
| #define PACKAGE_STRING "klish 1.5.4"
| #define PACKAGE_BUGREPORT "serj.kalichev at gmail dot com"
| #define PACKAGE_URL ""
| /* end confdefs.h.  */
| #include <ac_nonexistent.h>
configure:3401: result: gcc -E
configure:3421: gcc -E  conftest.c
configure:3421: $? = 0
configure:3435: gcc -E  conftest.c
conftest.c:9:28: fatal error: ac_nonexistent.h: No such file or directory
compilation terminated.
configure:3435: $? = 1
configure: failed program was:
| /* confdefs.h */
| #define PACKAGE_NAME "klish"
| #define PACKAGE_TARNAME "klish"
| #define PACKAGE_VERSION "1.5.4"
| #define PACKAGE_STRING "klish 1.5.4"
| #define PACKAGE_BUGREPORT "serj.kalichev at gmail dot com"
| #define PACKAGE_URL ""
| /* end confdefs.h.  */
| #include <ac_nonexistent.h>
configure:3464: checking for grep that handles long lines and -e
configure:3522: result: /bin/grep
configure:3527: checking for egrep
configure:3589: result: /bin/grep -E
configure:3594: checking for ANSI C header files
configure:3614: gcc -c -g -O2  conftest.c >&5
configure:3614: $? = 0
configure:3687: gcc -o conftest -g -O2   conftest.c  >&5
configure:3687: $? = 0
configure:3687: ./conftest
configure:3687: $? = 0
configure:3698: result: yes
configure:3711: checking for sys/types.h
configure:3711: gcc -c -g -O2  conftest.c >&5
configure:3711: $? = 0
configure:3711: result: yes
configure:3711: checking for sys/stat.h
configure:3711: gcc -c -g -O2  conftest.c >&5
configure:3711: $? = 0
configure:3711: result: yes
configure:3711: checking for stdlib.h
configure:3711: gcc -c -g -O2  conftest.c >&5
configure:3711: $? = 0
configure:3711: result: yes
configure:3711: checking for string.h
configure:3711: gcc -c -g -O2  conftest.c >&5
configure:3711: $? = 0
configure:3711: result: yes
configure:3711: checking for memory.h
configure:3711: gcc -c -g -O2  conftest.c >&5
configure:3711: $? = 0
configure:3711: result: yes
configure:3711: checking for strings.h
configure:3711: gcc -c -g -O2  conftest.c >&5
configure:3711: $? = 0
configure:3711: result: yes
configure:3711: checking for inttypes.h
configure:3711: gcc -c -g -O2  conftest.c >&5
configure:3711: $? = 0
configure:3711: result: yes
configure:3711: checking for stdint.h
configure:3711: gcc -c -g -O2  conftest.c >&5
configure:3711: $? = 0
configure:3711: result: yes
configure:3711: checking for unistd.h
configure:3711: gcc -c -g -O2  conftest.c >&5
configure:3711: $? = 0
configure:3711: result: yes
configure:3724: checking minix/config.h usability
configure:3724: gcc -c -g -O2  conftest.c >&5
conftest.c:52:26: fatal error: minix/config.h: No such file or directory
compilation terminated.
configure:3724: $? = 1
configure: failed program was:
| /* confdefs.h */
| #define PACKAGE_NAME "klish"
| #define PACKAGE_TARNAME "klish"
| #define PACKAGE_VERSION "1.5.4"
| #define PACKAGE_STRING "klish 1.5.4"
| #define PACKAGE_BUGREPORT "serj.kalichev at gmail dot com"
| #define PACKAGE_URL ""
| #define STDC_HEADERS 1
| #define HAVE_SYS_TYPES_H 1
| #define HAVE_SYS_STAT_H 1
| #define HAVE_STDLIB_H 1
| #define HAVE_STRING_H 1
| #define HAVE_MEMORY_H 1
| #define HAVE_STRINGS_H 1
| #define HAVE_INTTYPES_H 1
| #define HAVE_STDINT_H 1
| #define HAVE_UNISTD_H 1
| /* end confdefs.h.  */
| #include <stdio.h>
| #ifdef HAVE_SYS_TYPES_H
| # include <sys/types.h>
| #endif
| #ifdef HAVE_SYS_STAT_H
| # include <sys/stat.h>
| #endif
| #ifdef STDC_HEADERS
| # include <stdlib.h>
| # include <stddef.h>
| #else
| # ifdef HAVE_STDLIB_H
| #  include <stdlib.h>
| # endif
| #endif
| #ifdef HAVE_STRING_H
| # if !defined STDC_HEADERS && defined HAVE_MEMORY_H
| #  include <memory.h>
| # endif
| # include <string.h>
| #endif
| #ifdef HAVE_STRINGS_H
| # include <strings.h>
| #endif
| #ifdef HAVE_INTTYPES_H
| # include <inttypes.h>
| #endif
| #ifdef HAVE_STDINT_H
| # include <stdint.h>
| #endif
| #ifdef HAVE_UNISTD_H
| # include <unistd.h>
| #endif
| #include <minix/config.h>
configure:3724: result: no
configure:3724: checking minix/config.h presence
configure:3724: gcc -E  conftest.c
conftest.c:19:26: fatal error: minix/config.h: No such file or directory
compilation terminated.
configure:3724: $? = 1
configure: failed program was:
| /* confdefs.h */
| #define PACKAGE_NAME "klish"
| #define PACKAGE_TARNAME "klish"
| #define PACKAGE_VERSION "1.5.4"
| #define PACKAGE_STRING "klish 1.5.4"
| #define PACKAGE_BUGREPORT "serj.kalichev at gmail dot com"
| #define PACKAGE_URL ""
| #define STDC_HEADERS 1
| #define HAVE_SYS_TYPES_H 1
| #define HAVE_SYS_STAT_H 1
| #define HAVE_STDLIB_H 1
| #define HAVE_STRING_H 1
| #define HAVE_MEMORY_H 1
| #define HAVE_STRINGS_H 1
| #define HAVE_INTTYPES_H 1
| #define HAVE_STDINT_H 1
| #define HAVE_UNISTD_H 1
| /* end confdefs.h.  */
| #include <minix/config.h>
configure:3724: result: no
configure:3724: checking for minix/config.h
configure:3724: result: no
configure:3745: checking whether it is safe to define __EXTENSIONS__
configure:3763: gcc -c -g -O2  conftest.c >&5
configure:3763: $? = 0
configure:3770: result: yes
configure:3834: checking for gcc
configure:3861: result: gcc
configure:4090: checking for C compiler version
configure:4099: gcc --version >&5
gcc (Ubuntu/Linaro 4.6.3-1ubuntu5) 4.6.3
Copyright (C) 2011 Free Software Foundation, Inc.
This is free software; see the source for copying conditions.  There is NO
warranty; not even for MERCHANTABILITY or FITNESS FOR A PARTICULAR PURPOSE.

configure:4110: $? = 0
configure:4099: gcc -v >&5
Using built-in specs.
COLLECT_GCC=gcc
COLLECT_LTO_WRAPPER=/usr/lib/gcc/i686-linux-gnu/4.6/lto-wrapper
Target: i686-linux-gnu
Configured with: ../src/configure -v --with-pkgversion='Ubuntu/Linaro 4.6.3-1ubuntu5' --with-bugurl=file:///usr/share/doc/gcc-4.6/README.Bugs --enable-languages=c,c++,fortran,objc,obj-c++ --prefix=/usr --program-suffix=-4.6 --enable-shared --enable-linker-build-id --with-system-zlib --libexecdir=/usr/lib --without-included-gettext --enable-threads=posix --with-gxx-include-dir=/usr/include/c++/4.6 --libdir=/usr/lib --enable-nls --with-sysroot=/ --enable-clocale=gnu --enable-libstdcxx-debug --enable-libstdcxx-time=yes --enable-gnu-unique-object --enable-plugin --enable-objc-gc --enable-targets=all --disable-werror --with-arch-32=i686 --with-tune=generic --enable-checking=release --build=i686-linux-gnu --host=i686-linux-gnu --target=i686-linux-gnu
Thread model: posix
gcc version 4.6.3 (Ubuntu/Linaro 4.6.3-1ubuntu5) 
configure:4110: $? = 0
configure:4099: gcc -V >&5
gcc: error: unrecognized option '-V'
gcc: fatal error: no input files
compilation terminated.
configure:4110: $? = 4
configure:4099: gcc -qversion >&5
gcc: error: unrecognized option '-qversion'
gcc: fatal error: no input files
compilation terminated.
configure:4110: $? = 4
configure:4114: checking whether we are using the GNU C compiler
configure:4142: result: yes
configure:4151: checking whether gcc accepts -g
configure:4212: result: yes
configure:4229: checking for gcc option to accept ISO C89
configure:4306: result: none needed
configure:4384: checking for g++
configure:4400: found /usr/bin/g++
configure:4411: result: g++
configure:4438: checking for C++ compiler version
configure:4447: g++ --version >&5
g++ (Ubuntu/Linaro 4.6.3-1ubuntu5) 4.6.3
Copyright (C) 2011 Free Software Foundation, Inc.
This is free software; see the source for copying conditions.  There is NO
warranty; not even for MERCHANTABILITY or FITNESS FOR A PARTICULAR PURPOSE.

configure:4458: $? = 0
configure:4447: g++ -v >&5
Using built-in specs.
COLLECT_GCC=g++
COLLECT_LTO_WRAPPER=/usr/lib/gcc/i686-linux-gnu/4.6/lto-wrapper
Target: i686-linux-gnu
Configured with: ../src/configure -v --with-pkgversion='Ubuntu/Linaro 4.6.3-1ubuntu5' --with-bugurl=file:///usr/share/doc/gcc-4.6/README.Bugs --enable-languages=c,c++,fortran,objc,obj-c++ --prefix=/usr --program-suffix=-4.6 --enable-shared --enable-linker-build-id --with-system-zlib --libexecdir=/usr/lib --without-included-gettext --enable-threads=posix --with-gxx-include-dir=/usr/include/c++/4.6 --libdir=/usr/lib --enable-nls --with-sysroot=/ --enable-clocale=gnu --enable-libstdcxx-debug --enable-libstdcxx-time=yes --enable-gnu-unique-object --enable-plugin --enable-objc-gc --enable-targets=all --disable-werror --with-arch-32=i686 --with-tune=generic --enable-checking=release --build=i686-linux-gnu --host=i686-linux-gnu --target=i686-linux-gnu
Thread model: posix
gcc version 4.6.3 (Ubuntu/Linaro 4.6.3-1ubuntu5) 
configure:4458: $? = 0
configure:4447: g++ -V >&5
g++: error: unrecognized option '-V'
g++: fatal error: no input files
compilation terminated.
configure:4458: $? = 4
configure:4447: g++ -qversion >&5
g++: error: unrecognized option '-qversion'
g++: fatal error: no input files
compilation terminated.
configure:4458: $? = 4
configure:4462: checking whether we are using the GNU C++ compiler
configure:4481: g++ -c   conftest.cpp >&5
configure:4481: $? = 0
configure:4490: result: yes
configure:4499: checking whether g++ accepts -g
configure:4519: g++ -c -g  conftest.cpp >&5
configure:4519: $? = 0
configure:4560: result: yes
configure:4587: checking build system type
configure:4601: result: i686-pc-linux-gnu
configure:4621: checking host system type
configure:4634: result: i686-pc-linux-gnu
configure:5003: checking how to print strings
configure:5030: result: printf
configure:5051: checking for a sed that does not truncate output
configure:5115: result: /bin/sed
configure:5133: checking for fgrep
configure:5195: result: /bin/grep -F
configure:5230: checking for ld used by gcc
configure:5297: result: /usr/bin/ld
configure:5304: checking if the linker (/usr/bin/ld) is GNU ld
configure:5319: result: yes
configure:5331: checking for BSD- or MS-compatible name lister (nm)
configure:5380: result: /usr/bin/nm -B
configure:5510: checking the name lister (/usr/bin/nm -B) interface
configure:5517: gcc -c -g -O2  conftest.c >&5
configure:5520: /usr/bin/nm -B "conftest.o"
configure:5523: output
00000000 B some_variable
configure:5530: result: BSD nm
configure:5533: checking whether ln -s works
configure:5537: result: yes
configure:5545: checking the maximum length of command line arguments
configure:5675: result: 1572864
configure:5692: checking whether the shell understands some XSI constructs
configure:5702: result: yes
configure:5706: checking whether the shell understands "+="
configure:5712: result: yes
configure:5747: checking how to convert i686-pc-linux-gnu file names to i686-pc-linux-gnu format
configure:5787: result: func_convert_file_noop
configure:5794: checking how to convert i686-pc-linux-gnu file names to toolchain format
configure:5814: result: func_convert_file_noop
configure:5821: checking for /usr/bin/ld option to reload object files
configure:5828: result: -r
configure:5902: checking for objdump
configure:5929: result: objdump
configure:5958: checking how to recognize dependent libraries
configure:6160: result: pass_all
configure:6245: checking for dlltool
configure:6272: result: dlltool
configure:6302: checking how to associate runtime and link libraries
configure:6329: result: printf %s\n
configure:6389: checking for ar
configure:6405: found /usr/bin/ar
configure:6416: result: ar
configure:6453: checking for archiver @FILE support
configure:6470: gcc -c -g -O2  conftest.c >&5
configure:6470: $? = 0
configure:6473: ar cru libconftest.a @conftest.lst >&5
configure:6476: $? = 0
configure:6481: ar cru libconftest.a @conftest.lst >&5
ar: conftest.o: No such file or directory
configure:6484: $? = 1
configure:6496: result: @
configure:6554: checking for strip
configure:6570: found /usr/bin/strip
configure:6581: result: strip
configure:6653: checking for ranlib
configure:6669: found /usr/bin/ranlib
configure:6680: result: ranlib
configure:6757: checking for gawk
configure:6787: result: no
configure:6757: checking for mawk
configure:6773: found /usr/bin/mawk
configure:6784: result: mawk
configure:6824: checking command to parse /usr/bin/nm -B output from gcc object
configure:6944: gcc -c -g -O2  conftest.c >&5
configure:6947: $? = 0
configure:6951: /usr/bin/nm -B conftest.o \| sed -n -e 's/^.*[ ]\([ABCDGIRSTW][ABCDGIRSTW]*\)[ ][ ]*\([_A-Za-z][_A-Za-z0-9]*\)$/\1 \2 \2/p' | sed '/ __gnu_lto/d' \> conftest.nm
configure:6954: $? = 0
configure:7020: gcc -o conftest -g -O2   conftest.c conftstm.o >&5
configure:7023: $? = 0
configure:7061: result: ok
configure:7098: checking for sysroot
configure:7128: result: no
configure:7384: checking for mt
configure:7400: found /bin/mt
configure:7411: result: mt
configure:7434: checking if mt is a manifest tool
configure:7440: mt '-?'
configure:7448: result: no
configure:8087: checking for dlfcn.h
configure:8087: gcc -c -g -O2  conftest.c >&5
configure:8087: $? = 0
configure:8087: result: yes
configure:8302: checking for objdir
configure:8317: result: .libs
configure:8584: checking if gcc supports -fno-rtti -fno-exceptions
configure:8602: gcc -c -g -O2  -fno-rtti -fno-exceptions conftest.c >&5
cc1: warning: command line option '-fno-rtti' is valid for C++/ObjC++ but not for C [enabled by default]
configure:8606: $? = 0
configure:8619: result: no
configure:8946: checking for gcc option to produce PIC
configure:8953: result: -fPIC -DPIC
configure:8961: checking if gcc PIC flag -fPIC -DPIC works
configure:8979: gcc -c -g -O2  -fPIC -DPIC -DPIC conftest.c >&5
configure:8983: $? = 0
configure:8996: result: yes
configure:9025: checking if gcc static flag -static works
configure:9053: result: yes
configure:9068: checking if gcc supports -c -o file.o
configure:9089: gcc -c -g -O2  -o out/conftest2.o conftest.c >&5
configure:9093: $? = 0
configure:9115: result: yes
configure:9123: checking if gcc supports -c -o file.o
configure:9170: result: yes
configure:9203: checking whether the gcc linker (/usr/bin/ld) supports shared libraries
configure:10356: result: yes
configure:10393: checking whether -lc should be explicitly linked in
configure:10401: gcc -c -g -O2  conftest.c >&5
configure:10404: $? = 0
configure:10419: gcc -shared  -fPIC -DPIC conftest.o  -v -Wl,-soname -Wl,conftest -o conftest 2\>\&1 \| /bin/grep  -lc  \>/dev/null 2\>\&1
configure:10422: $? = 0
configure:10436: result: no
configure:10596: checking dynamic linker characteristics
configure:11107: gcc -o conftest -g -O2   -Wl,-rpath -Wl,/foo conftest.c  >&5
configure:11107: $? = 0
configure:11329: result: GNU/Linux ld.so
configure:11436: checking how to hardcode library paths into programs
configure:11461: result: immediate
configure:12001: checking whether stripping libraries is possible
configure:12006: result: yes
configure:12041: checking if libtool supports shared libraries
configure:12043: result: yes
configure:12046: checking whether to build shared libraries
configure:12067: result: yes
configure:12070: checking whether to build static libraries
configure:12074: result: no
configure:12097: checking how to run the C++ preprocessor
configure:12124: g++ -E  conftest.cpp
configure:12124: $? = 0
configure:12138: g++ -E  conftest.cpp
conftest.cpp:26:28: fatal error: ac_nonexistent.h: No such file or directory
compilation terminated.
configure:12138: $? = 1
configure: failed program was:
| /* confdefs.h */
| #define PACKAGE_NAME "klish"
| #define PACKAGE_TARNAME "klish"
| #define PACKAGE_VERSION "1.5.4"
| #define PACKAGE_STRING "klish 1.5.4"
| #define PACKAGE_BUGREPORT "serj.kalichev at gmail dot com"
| #define PACKAGE_URL ""
| #define STDC_HEADERS 1
| #define HAVE_SYS_TYPES_H 1
| #define HAVE_SYS_STAT_H 1
| #define HAVE_STDLIB_H 1
| #define HAVE_STRING_H 1
| #define HAVE_MEMORY_H 1
| #define HAVE_STRINGS_H 1
| #define HAVE_INTTYPES_H 1
| #define HAVE_STDINT_H 1
| #define HAVE_UNISTD_H 1
| #define __EXTENSIONS__ 1
| #define _ALL_SOURCE 1
| #define _GNU_SOURCE 1
| #define _POSIX_PTHREAD_SEMANTICS 1
| #define _TANDEM_SOURCE 1
| #define HAVE_DLFCN_H 1
| #define LT_OBJDIR ".libs/"
| /* end confdefs.h.  */
| #include <ac_nonexistent.h>
configure:12163: result: g++ -E
configure:12183: g++ -E  conftest.cpp
configure:12183: $? = 0
configure:12197: g++ -E  conftest.cpp
conftest.cpp:26:28: fatal error: ac_nonexistent.h: No such file or directory
compilation terminated.
configure:12197: $? = 1
configure: failed program was:
| /* confdefs.h */
| #define PACKAGE_NAME "klish"
| #define PACKAGE_TARNAME "klish"
| #define PACKAGE_VERSION "1.5.4"
| #define PACKAGE_STRING "klish 1.5.4"
| #define PACKAGE_BUGREPORT "serj.kalichev at gmail dot com"
| #define PACKAGE_URL ""
| #define STDC_HEADERS 1
| #define HAVE_SYS_TYPES_H 1
| #define HAVE_SYS_STAT_H 1
| #define HAVE_STDLIB_H 1
| #define HAVE_STRING_H 1
| #define HAVE_MEMORY_H 1
| #define HAVE_STRINGS_H 1
| #define HAVE_INTTYPES_H 1
| #define HAVE_STDINT_H 1
| #define HAVE_UNISTD_H 1
| #define __EXTENSIONS__ 1
| #define _ALL_SOURCE 1
| #define _GNU_SOURCE 1
| #define _POSIX_PTHREAD_SEMANTICS 1
| #define _TANDEM_SOURCE 1
| #define HAVE_DLFCN_H 1
| #define LT_OBJDIR ".libs/"
| /* end confdefs.h.  */
| #include <ac_nonexistent.h>
configure:12366: checking for ld used by g++
configure:12433: result: /usr/bin/ld
configure:12440: checking if the linker (/usr/bin/ld) is GNU ld
configure:12455: result: yes
configure:12510: checking whether the g++ linker (/usr/bin/ld) supports shared libraries
configure:13515: result: yes
configure:13551: g++ -c -g -O2  conftest.cpp >&5
configure:13554: $? = 0
configure:14074: checking for g++ option to produce PIC
configure:14081: result: -fPIC -DPIC
configure:14089: checking if g++ PIC flag -fPIC -DPIC works
configure:14107: g++ -c -g -O2  -fPIC -DPIC -DPIC conftest.cpp >&5
configure:14111: $? = 0
configure:14124: result: yes
configure:14147: checking if g++ static flag -static works
configure:14175: result: yes
configure:14187: checking if g++ supports -c -o file.o
configure:14208: g++ -c -g -O2  -o out/conftest2.o conftest.cpp >&5
configure:14212: $? = 0
configure:14234: result: yes
configure:14239: checking if g++ supports -c -o file.o
configure:14286: result: yes
configure:14316: checking whether the g++ linker (/usr/bin/ld) supports shared libraries
configure:14352: result: yes
configure:14493: checking dynamic linker characteristics
configure:15160: result: GNU/Linux ld.so
configure:15213: checking how to hardcode library paths into programs
configure:15238: result: immediate
configure:15318: checking for a BSD-compatible install
configure:15386: result: /usr/bin/install -c
configure:15397: checking whether build environment is sane
configure:15447: result: yes
configure:15588: checking for a thread-safe mkdir -p
configure:15627: result: /bin/mkdir -p
configure:15636: checking whether make sets $(MAKE)
configure:15658: result: yes
configure:15688: checking for style of include used by make
configure:15716: result: GNU
configure:15802: checking dependency style of gcc
configure:15913: result: gcc3
configure:15930: checking dependency style of g++
configure:16041: result: gcc3
configure:16058: checking whether gcc and cc understand -c and -o together
configure:16089: gcc -c conftest.c -o conftest2.o >&5
configure:16093: $? = 0
configure:16099: gcc -c conftest.c -o conftest2.o >&5
configure:16103: $? = 0
configure:16114: cc -c conftest.c >&5
configure:16118: $? = 0
configure:16126: cc -c conftest.c -o conftest2.o >&5
configure:16130: $? = 0
configure:16136: cc -c conftest.c -o conftest2.o >&5
configure:16140: $? = 0
configure:16158: result: yes
configure:16189: checking size of int
configure:16194: gcc -o conftest -g -O2   conftest.c  >&5
configure:16194: $? = 0
configure:16194: ./conftest
configure:16194: $? = 0
configure:16208: result: 4
configure:16222: checking size of long
configure:16227: gcc -o conftest -g -O2   conftest.c  >&5
configure:16227: $? = 0
configure:16227: ./conftest
configure:16227: $? = 0
configure:16241: result: 4
configure:16255: checking size of size_t
configure:16260: gcc -o conftest -g -O2   conftest.c  >&5
configure:16260: $? = 0
configure:16260: ./conftest
configure:16260: $? = 0
configure:16274: result: 4
configure:16368: checking for library containing socket
configure:16399: gcc -o conftest -g -O2   conftest.c  >&5
configure:16399: $? = 0
configure:16416: result: none required
configure:16430: checking regex.h usability
configure:16430: gcc -c -g -O2  conftest.c >&5
configure:16430: $? = 0
configure:16430: result: yes
configure:16430: checking regex.h presence
configure:16430: gcc -E  conftest.c
configure:16430: $? = 0
configure:16430: result: yes
configure:16430: checking for regex.h
configure:16430: result: yes
configure:16448: checking getopt.h usability
configure:16448: gcc -c -g -O2  conftest.c >&5
configure:16448: $? = 0
configure:16448: result: yes
configure:16448: checking getopt.h presence
configure:16448: gcc -E  conftest.c
configure:16448: $? = 0
configure:16448: result: yes
configure:16448: checking for getopt.h
configure:16448: result: yes
configure:16467: checking locale.h usability
configure:16467: gcc -c -g -O2  conftest.c >&5
configure:16467: $? = 0
configure:16467: result: yes
configure:16467: checking locale.h presence
configure:16467: gcc -E  conftest.c
configure:16467: $? = 0
configure:16467: result: yes
configure:16467: checking for locale.h
configure:16467: result: yes
configure:16485: checking for nl_langinfo and CODESET
configure:16501: gcc -o conftest -g -O2   conftest.c  >&5
configure:16501: $? = 0
configure:16510: result: yes
configure:16524: checking pwd.h usability
configure:16524: gcc -c -g -O2  conftest.c >&5
configure:16524: $? = 0
configure:16524: result: yes
configure:16524: checking pwd.h presence
configure:16524: gcc -E  conftest.c
configure:16524: $? = 0
configure:16524: result: yes
configure:16524: checking for pwd.h
configure:16524: result: yes
configure:16539: checking grp.h usability
configure:16539: gcc -c -g -O2  conftest.c >&5
configure:16539: $? = 0
configure:16539: result: yes
configure:16539: checking grp.h presence
configure:16539: gcc -E  conftest.c
configure:16539: $? = 0
configure:16539: result: yes
configure:16539: checking for grp.h
configure:16539: result: yes
configure:16558: checking for chroot
configure:16558: gcc -o conftest -g -O2   conftest.c  >&5
configure:16558: $? = 0
configure:16558: result: yes
configure:16711: creating ./config.status

## ---------------------- ##
## Running config.status. ##
## ---------------------- ##

This file was extended by klish config.status 1.5.4, which was
generated by GNU Autoconf 2.68.  Invocation command line was

  CONFIG_FILES    = 
  CONFIG_HEADERS  = 
  CONFIG_LINKS    = 
  CONFIG_COMMANDS = 
  $ ./config.status 

on anderson-Aspire-4336

config.status:1178: creating Makefile
config.status:1178: creating config.h
config.status:1359: config.h is unchanged
config.status:1407: executing libtool commands
config.status:1407: executing depfiles commands

## ---------------- ##
## Cache variables. ##
## ---------------- ##

ac_cv_build=i686-pc-linux-gnu
ac_cv_c_compiler_gnu=yes
ac_cv_cxx_compiler_gnu=yes
ac_cv_env_CCC_set=
ac_cv_env_CCC_value=
ac_cv_env_CC_set=
ac_cv_env_CC_value=
ac_cv_env_CFLAGS_set=
ac_cv_env_CFLAGS_value=
ac_cv_env_CPPFLAGS_set=
ac_cv_env_CPPFLAGS_value=
ac_cv_env_CPP_set=
ac_cv_env_CPP_value=
ac_cv_env_CXXCPP_set=
ac_cv_env_CXXCPP_value=
ac_cv_env_CXXFLAGS_set=
ac_cv_env_CXXFLAGS_value=
ac_cv_env_CXX_set=
ac_cv_env_CXX_value=
ac_cv_env_LDFLAGS_set=
ac_cv_env_LDFLAGS_value=
ac_cv_env_LIBS_set=
ac_cv_env_LIBS_value=
ac_cv_env_build_alias_set=
ac_cv_env_build_alias_value=
ac_cv_env_host_alias_set=
ac_cv_env_host_alias_value=
ac_cv_env_target_alias_set=
ac_cv_env_target_alias_value=
ac_cv_func_chroot=yes
ac_cv_header_dlfcn_h=yes
ac_cv_header_getopt_h=yes
ac_cv_header_grp_h=yes
ac_cv_header_inttypes_h=yes
ac_cv_header_locale_h=yes
ac_cv_header_memory_h=yes
ac_cv_header_minix_config_h=no
ac_cv_header_pwd_h=yes
ac_cv_header_regex_h=yes
ac_cv_header_stdc=yes
ac_cv_header_stdint_h=yes
ac_cv_header_stdlib_h=yes
ac_cv_header_string_h=yes
ac_cv_header_strings_h=yes
ac_cv_header_sys_stat_h=yes
ac_cv_header_sys_types_h=yes
ac_cv_header_unistd_h=yes
ac_cv_host=i686-pc-linux-gnu
ac_cv_objext=o
ac_cv_path_EGREP='/bin/grep -E'
ac_cv_path_FGREP='/bin/grep -F'
ac_cv_path_GREP=/bin/grep
ac_cv_path_SED=/bin/sed
ac_cv_path_install='/usr/bin/install -c'
ac_cv_path_mkdir=/bin/mkdir
ac_cv_prog_AWK=mawk
ac_cv_prog_CPP='gcc -E'
ac_cv_prog_CXXCPP='g++ -E'
ac_cv_prog_ac_ct_AR=ar
ac_cv_prog_ac_ct_CC=gcc
ac_cv_prog_ac_ct_CXX=g++
ac_cv_prog_ac_ct_DLLTOOL=dlltool
ac_cv_prog_ac_ct_MANIFEST_TOOL=mt
ac_cv_prog_ac_ct_OBJDUMP=objdump
ac_cv_prog_ac_ct_RANLIB=ranlib
ac_cv_prog_ac_ct_STRIP=strip
ac_cv_prog_cc_c89=
ac_cv_prog_cc_g=yes
ac_cv_prog_cc_gcc_c_o=yes
ac_cv_prog_cxx_g=yes
ac_cv_prog_make_make_set=yes
ac_cv_safe_to_define___extensions__=yes
ac_cv_search_socket='none required'
ac_cv_sizeof_int=4
ac_cv_sizeof_long=4
ac_cv_sizeof_size_t=4
am_cv_CC_dependencies_compiler_type=gcc3
am_cv_CXX_dependencies_compiler_type=gcc3
am_cv_langinfo_codeset=yes
lt_cv_ar_at_file=@
lt_cv_archive_cmds_need_lc=no
lt_cv_deplibs_check_method=pass_all
lt_cv_file_magic_cmd='$MAGIC_CMD'
lt_cv_file_magic_test_file=
lt_cv_ld_reload_flag=-r
lt_cv_nm_interface='BSD nm'
lt_cv_objdir=.libs
lt_cv_path_LD=/usr/bin/ld
lt_cv_path_LDCXX=/usr/bin/ld
lt_cv_path_NM='/usr/bin/nm -B'
lt_cv_path_mainfest_tool=no
lt_cv_prog_compiler_c_o=yes
lt_cv_prog_compiler_c_o_CXX=yes
lt_cv_prog_compiler_pic='-fPIC -DPIC'
lt_cv_prog_compiler_pic_CXX='-fPIC -DPIC'
lt_cv_prog_compiler_pic_works=yes
lt_cv_prog_compiler_pic_works_CXX=yes
lt_cv_prog_compiler_rtti_exceptions=no
lt_cv_prog_compiler_static_works=yes
lt_cv_prog_compiler_static_works_CXX=yes
lt_cv_prog_gnu_ld=yes
lt_cv_prog_gnu_ldcxx=yes
lt_cv_sharedlib_from_linklib_cmd='printf %s\n'
lt_cv_shlibpath_overrides_runpath=no
lt_cv_sys_global_symbol_pipe='sed -n -e '\''s/^.*[	 ]\([ABCDGIRSTW][ABCDGIRSTW]*\)[	 ][	 ]*\([_A-Za-z][_A-Za-z0-9]*\)$/\1 \2 \2/p'\'' | sed '\''/ __gnu_lto/d'\'''
lt_cv_sys_global_symbol_to_c_name_address='sed -n -e '\''s/^: \([^ ]*\)[ ]*$/  {\"\1\", (void *) 0},/p'\'' -e '\''s/^[ABCDGIRSTW]* \([^ ]*\) \([^ ]*\)$/  {"\2", (void *) \&\2},/p'\'''
lt_cv_sys_global_symbol_to_c_name_address_lib_prefix='sed -n -e '\''s/^: \([^ ]*\)[ ]*$/  {\"\1\", (void *) 0},/p'\'' -e '\''s/^[ABCDGIRSTW]* \([^ ]*\) \(lib[^ ]*\)$/  {"\2", (void *) \&\2},/p'\'' -e '\''s/^[ABCDGIRSTW]* \([^ ]*\) \([^ ]*\)$/  {"lib\2", (void *) \&\2},/p'\'''
lt_cv_sys_global_symbol_to_cdecl='sed -n -e '\''s/^T .* \(.*\)$/extern int \1();/p'\'' -e '\''s/^[ABCDGIRSTW]* .* \(.*\)$/extern char \1;/p'\'''
lt_cv_sys_max_cmd_len=1572864
lt_cv_to_host_file_cmd=func_convert_file_noop
lt_cv_to_tool_file_cmd=func_convert_file_noop

## ----------------- ##
## Output variables. ##
## ----------------- ##

ACLOCAL='${SHELL} /home/anderson/klish-1.5.4/aux_scripts/missing --run aclocal-1.11'
AMDEPBACKSLASH='\'
AMDEP_FALSE='#'
AMDEP_TRUE=''
AMTAR='$${TAR-tar}'
AR='ar'
AS='as'
AUTOCONF='${SHELL} /home/anderson/klish-1.5.4/aux_scripts/missing --run autoconf'
AUTOHEADER='${SHELL} /home/anderson/klish-1.5.4/aux_scripts/missing --run autoheader'
AUTOMAKE='${SHELL} /home/anderson/klish-1.5.4/aux_scripts/missing --run automake-1.11'
AWK='mawk'
CC='gcc'
CCDEPMODE='depmode=gcc3'
CFLAGS='-g -O2'
CPP='gcc -E'
CPPFLAGS=''
CXX='g++'
CXXCPP='g++ -E'
CXXDEPMODE='depmode=gcc3'
CXXFLAGS='-g -O2'
CYGPATH_W='echo'
DEBUG_FALSE=''
DEBUG_TRUE='#'
DEFS='-DHAVE_CONFIG_H'
DEPDIR='.deps'
DLLTOOL='dlltool'
DSYMUTIL=''
DUMPBIN=''
ECHO_C=''
ECHO_N='-n'
ECHO_T=''
EGREP='/bin/grep -E'
EXEEXT=''
FGREP='/bin/grep -F'
GREP='/bin/grep'
INSTALL_DATA='${INSTALL} -m 644'
INSTALL_PROGRAM='${INSTALL}'
INSTALL_SCRIPT='${INSTALL}'
INSTALL_STRIP_PROGRAM='$(install_sh) -c -s'
KONF_CFLAGS=''
KONF_LIBS='-lkonf'
LD='/usr/bin/ld'
LDFLAGS=''
LIBOBJS=''
LIBS=''
LIBTOOL='$(SHELL) $(top_builddir)/libtool'
LIPO=''
LN_S='ln -s'
LTLIBOBJS=''
LUB_CFLAGS=''
LUB_LIBS='-llub'
MAKEINFO='${SHELL} /home/anderson/klish-1.5.4/aux_scripts/missing --run makeinfo'
MANIFEST_TOOL=':'
MKDIR_P='/bin/mkdir -p'
NM='/usr/bin/nm -B'
NMEDIT=''
OBJDUMP='objdump'
OBJEXT='o'
OTOOL64=''
OTOOL=''
PACKAGE='klish'
PACKAGE_BUGREPORT='serj.kalichev at gmail dot com'
PACKAGE_NAME='klish'
PACKAGE_STRING='klish 1.5.4'
PACKAGE_TARNAME='klish'
PACKAGE_URL=''
PACKAGE_VERSION='1.5.4'
PATH_SEPARATOR=':'
RANLIB='ranlib'
SED='/bin/sed'
SET_MAKE=''
SHELL='/bin/bash'
STRIP='strip'
TINYRL_CFLAGS=''
TINYRL_LIBS='-ltinyrl'
TINYXML_CXXFLAGS='-std=gnu++98'
TINYXML_LIBS='-ltinyxml'
VERSION='1.5.4'
ac_ct_AR='ar'
ac_ct_CC='gcc'
ac_ct_CXX='g++'
ac_ct_DUMPBIN=''
am__EXEEXT_FALSE=''
am__EXEEXT_TRUE='#'
am__fastdepCC_FALSE='#'
am__fastdepCC_TRUE=''
am__fastdepCXX_FALSE='#'
am__fastdepCXX_TRUE=''
am__include='include'
am__isrc=''
am__leading_dot='.'
am__nodep='_no'
am__quote=''
am__tar='$${TAR-tar} chof - "$$tardir"'
am__untar='$${TAR-tar} xf -'
bindir='${exec_prefix}/bin'
build='i686-pc-linux-gnu'
build_alias=''
build_cpu='i686'
build_os='linux-gnu'
build_vendor='pc'
datadir='${datarootdir}'
datarootdir='${prefix}/share'
docdir='${datarootdir}/doc/${PACKAGE_TARNAME}'
dvidir='${docdir}'
exec_prefix='/usr/local'
host='i686-pc-linux-gnu'
host_alias=''
host_cpu='i686'
host_os='linux-gnu'
host_vendor='pc'
htmldir='${docdir}'
includedir='${prefix}/include'
infodir='${datarootdir}/info'
install_sh='${SHELL} /home/anderson/klish-1.5.4/aux_scripts/install-sh'
libdir='/usr/local/lib'
libexecdir='${exec_prefix}/libexec'
localedir='${datarootdir}/locale'
localstatedir='${prefix}/var'
mandir='${datarootdir}/man'
mkdir_p='/bin/mkdir -p'
oldincludedir='/usr/include'
pdfdir='${docdir}'
prefix='/usr/local'
program_transform_name='s,x,x,'
psdir='${docdir}'
sbindir='${exec_prefix}/sbin'
sharedstatedir='${prefix}/com'
sysconfdir='${prefix}/etc'
target_alias=''

## ----------- ##
## confdefs.h. ##
## ----------- ##

/* confdefs.h */
#define PACKAGE_NAME "klish"
#define PACKAGE_TARNAME "klish"
#define PACKAGE_VERSION "1.5.4"
#define PACKAGE_STRING "klish 1.5.4"
#define PACKAGE_BUGREPORT "serj.kalichev at gmail dot com"
#define PACKAGE_URL ""
#define STDC_HEADERS 1
#define HAVE_SYS_TYPES_H 1
#define HAVE_SYS_STAT_H 1
#define HAVE_STDLIB_H 1
#define HAVE_STRING_H 1
#define HAVE_MEMORY_H 1
#define HAVE_STRINGS_H 1
#define HAVE_INTTYPES_H 1
#define HAVE_STDINT_H 1
#define HAVE_UNISTD_H 1
#define __EXTENSIONS__ 1
#define _ALL_SOURCE 1
#define _GNU_SOURCE 1
#define _POSIX_PTHREAD_SEMANTICS 1
#define _TANDEM_SOURCE 1
#define HAVE_DLFCN_H 1
#define LT_OBJDIR ".libs/"
#define PACKAGE "klish"
#define VERSION "1.5.4"
#define SIZEOF_INT 4
#define SIZEOF_LONG 4
#define SIZEOF_SIZE_T 4
#define HAVE_REGEX_H 1
#define HAVE_GETOPT_H 1
#define HAVE_LOCALE_H 1
#define HAVE_LANGINFO_CODESET 1
#define HAVE_PWD_H 1
#define HAVE_GRP_H 1
#define HAVE_CHROOT 1

configure: exit 0
